<?xml version="1.0" encoding="UTF-8"?>
<!-- Generated by org.testng.reporters.JUnitReportReporter -->
<testsuite hostname="Trojan" failures="0" tests="1" name="Academy.ValidateNavigationBar" time="0.168" errors="0" timestamp="2021-03-18T09:14:18 IST" skipped="0">
  <testcase classname="Academy.ValidateNavigationBar" name="basePageNavigation" time="0.168"/>
  <system-out/>
</testsuite> <!-- Academy.ValidateNavigationBar -->
