<?xml version="1.0" encoding="UTF-8"?>
<!-- Generated by org.testng.reporters.JUnitReportReporter -->
<testsuite hostname="Trojan" failures="0" tests="2" name="Academy.Homepage" time="28.431" errors="0" timestamp="2021-03-18T09:50:38 IST" skipped="0">
  <testcase classname="Academy.Homepage" name="basePageNavigation" time="15.210"/>
  <system-out/>
  <testcase classname="Academy.Homepage" name="basePageNavigation" time="13.221"/>
  <system-out/>
</testsuite> <!-- Academy.Homepage -->
